<?xml version="1.0" encoding="UTF-8"?>
<testng-results skipped="0" failed="0" ignored="0" total="2" passed="2">
  <reporter-output>
  </reporter-output>
  <suite name="Default suite" duration-ms="9954" started-at="2021-05-31T07:16:30Z" finished-at="2021-05-31T07:16:40Z">
    <groups>
    </groups>
    <test name="Default test" duration-ms="9954" started-at="2021-05-31T07:16:30Z" finished-at="2021-05-31T07:16:40Z">
      <class name="testing.TestNG">
        <test-method status="PASS" signature="openDriver()[pri:0, instance:testing.TestNG@2a5ca609]" name="openDriver" is-config="true" duration-ms="1692" started-at="2021-05-31T07:16:30Z" finished-at="2021-05-31T07:16:32Z">
          <reporter-output>
          </reporter-output>
        </test-method> <!-- openDriver -->
        <test-method status="PASS" signature="firstArticle()[pri:1, instance:testing.TestNG@2a5ca609]" name="firstArticle" duration-ms="7052" started-at="2021-05-31T07:16:32Z" finished-at="2021-05-31T07:16:39Z">
          <reporter-output>
          </reporter-output>
        </test-method> <!-- firstArticle -->
        <test-method status="PASS" signature="fillForm()[pri:2, instance:testing.TestNG@2a5ca609]" name="fillForm" duration-ms="1186" started-at="2021-05-31T07:16:39Z" finished-at="2021-05-31T07:16:40Z">
          <reporter-output>
          </reporter-output>
        </test-method> <!-- fillForm -->
      </class> <!-- testing.TestNG -->
    </test> <!-- Default test -->
  </suite> <!-- Default suite -->
</testng-results>
