<?xml version="1.0" encoding="UTF-8"?>
<testng-results skipped="0" failed="0" ignored="0" total="1" passed="1">
  <reporter-output>
  </reporter-output>
  <suite name="Default suite" duration-ms="6340" started-at="2021-05-30T11:07:37Z" finished-at="2021-05-30T11:07:43Z">
    <groups>
    </groups>
    <test name="Default test" duration-ms="6340" started-at="2021-05-30T11:07:37Z" finished-at="2021-05-30T11:07:43Z">
      <class name="testing.TestNG">
        <test-method status="PASS" signature="openDriver()[pri:0, instance:testing.TestNG@2a5ca609]" name="openDriver" is-config="true" duration-ms="1429" started-at="2021-05-30T11:07:37Z" finished-at="2021-05-30T11:07:39Z">
          <reporter-output>
          </reporter-output>
        </test-method> <!-- openDriver -->
        <test-method status="PASS" signature="firstArticle()[pri:0, instance:testing.TestNG@2a5ca609]" name="firstArticle" duration-ms="4903" started-at="2021-05-30T11:07:39Z" finished-at="2021-05-30T11:07:43Z">
          <reporter-output>
          </reporter-output>
        </test-method> <!-- firstArticle -->
      </class> <!-- testing.TestNG -->
    </test> <!-- Default test -->
  </suite> <!-- Default suite -->
</testng-results>
